<?xml version="1.0" encoding="UTF-8"?>
<testsuite name="BlockchainTest" tests="1" skipped="0" failures="0" errors="0" timestamp="2019-10-06T17:22:24" hostname="DESKTOP-IVHFBFK" time="0.217">
  <properties/>
  <testcase name="start" classname="BlockchainTest" time="0.217"/>
  <system-out><![CDATA[?[1;31m
Start test 1?[0m
Block:
Id: 1
Timestamp: 96771373551700
Hash of the previous block:
0
Hash of the block:
85158d39e24b7545863bd06ea4cfe6b4582160b58e0225284d4636fdc5e4a53e

Block:
Id: 2
Timestamp: 96771387916000
Hash of the previous block:
85158d39e24b7545863bd06ea4cfe6b4582160b58e0225284d4636fdc5e4a53e
Hash of the block:
cfdc618507ae03f3350b520ff6ae51ed7c0a0d110aa0d26f3beee5adec772515

Block:
Id: 3
Timestamp: 96771388092500
Hash of the previous block:
cfdc618507ae03f3350b520ff6ae51ed7c0a0d110aa0d26f3beee5adec772515
Hash of the block:
6e24e1201d27859abaeea6bb05946e217e02f2c624fc42692b0c10f4b9cb3fd4

Block:
Id: 4
Timestamp: 96771388368900
Hash of the previous block:
6e24e1201d27859abaeea6bb05946e217e02f2c624fc42692b0c10f4b9cb3fd4
Hash of the block:
d0077744f23a95ecd401579d3d0e9ebc75c08fd1a6514859916450197494928e

Block:
Id: 5
Timestamp: 96771388543200
Hash of the previous block:
d0077744f23a95ecd401579d3d0e9ebc75c08fd1a6514859916450197494928e
Hash of the block:
ad55b3f016eb07186a8972933704bb5bf1ae895a0528a91d1c020416fe165da6


]]></system-out>
  <system-err><![CDATA[]]></system-err>
</testsuite>
